<?xml version="1.0" encoding="UTF-8"?>
<!-- Generated by org.testng.reporters.JUnitReportReporter -->
<testsuite skipped="0" hostname="LAPTOP-IEPOTQSJ" name="winiumcases.winiumcase1" tests="1" failures="0" timestamp="17 nov 2017 23:27:18 GMT" time="2.604" errors="0">
  <testcase name="testNotePadApplication" time="2.604" classname="winiumcases.winiumcase1"/>
</testsuite> <!-- winiumcases.winiumcase1 -->
